<?xml version="1.0" encoding="UTF-8"?>
<testng-results skipped="0" failed="0" ignored="0" total="2" passed="2">
  <reporter-output>
  </reporter-output>
  <suite name="Surefire suite" duration-ms="3822" started-at="2020-12-04T14:04:20 GMT" finished-at="2020-12-04T14:04:23 GMT">
    <groups>
      <group name="cucumber">
        <method signature="AbstractTestNGCucumberTests.runScenario(io.cucumber.testng.PickleWrapper, io.cucumber.testng.FeatureWrapper)[pri:0, instance:runners.ChannelsRunnerTest@69637b10]" name="runScenario" class="io.cucumber.testng.AbstractTestNGCucumberTests"/>
      </group> <!-- cucumber -->
    </groups>
    <test name="Surefire test" duration-ms="3822" started-at="2020-12-04T14:04:20 GMT" finished-at="2020-12-04T14:04:23 GMT">
      <class name="runners.ChannelsRunnerTest">
        <test-method status="PASS" signature="setUpClass()[pri:0, instance:runners.ChannelsRunnerTest@69637b10]" name="setUpClass" is-config="true" duration-ms="540" started-at="2020-12-04T14:04:20 GMT" finished-at="2020-12-04T14:04:20 GMT">
          <reporter-output>
          </reporter-output>
        </test-method> <!-- setUpClass -->
        <test-method status="PASS" signature="runScenario(io.cucumber.testng.PickleWrapper, io.cucumber.testng.FeatureWrapper)[pri:0, instance:runners.ChannelsRunnerTest@69637b10]" name="runScenario" duration-ms="2805" started-at="2020-12-04T14:04:20 GMT" description="Runs Cucumber Scenarios" data-provider="scenarios" finished-at="2020-12-04T14:04:23 GMT">
          <params>
            <param index="0">
              <value>
                <![CDATA["Create Channel"]]>
              </value>
            </param>
            <param index="1">
              <value>
                <![CDATA["Optional[Create and List Channels]"]]>
              </value>
            </param>
          </params>
          <reporter-output>
          </reporter-output>
        </test-method> <!-- runScenario -->
        <test-method status="PASS" signature="runScenario(io.cucumber.testng.PickleWrapper, io.cucumber.testng.FeatureWrapper)[pri:0, instance:runners.ChannelsRunnerTest@69637b10]" name="runScenario" duration-ms="326" started-at="2020-12-04T14:04:23 GMT" description="Runs Cucumber Scenarios" data-provider="scenarios" finished-at="2020-12-04T14:04:23 GMT">
          <params>
            <param index="0">
              <value>
                <![CDATA["List Channels"]]>
              </value>
            </param>
            <param index="1">
              <value>
                <![CDATA["Optional[Create and List Channels]"]]>
              </value>
            </param>
          </params>
          <reporter-output>
          </reporter-output>
        </test-method> <!-- runScenario -->
        <test-method status="PASS" signature="tearDownClass()[pri:0, instance:runners.ChannelsRunnerTest@69637b10]" name="tearDownClass" is-config="true" duration-ms="23" started-at="2020-12-04T14:04:23 GMT" finished-at="2020-12-04T14:04:23 GMT">
          <reporter-output>
          </reporter-output>
        </test-method> <!-- tearDownClass -->
      </class> <!-- runners.ChannelsRunnerTest -->
    </test> <!-- Surefire test -->
  </suite> <!-- Surefire suite -->
</testng-results>
