<?xml version="1.0" encoding="UTF-8"?>
<testng-results skipped="0" failed="0" ignored="0" total="3" passed="3">
  <reporter-output>
  </reporter-output>
  <suite name="runner.ZOHORunnerTest" duration-ms="6118" started-at="2020-12-18T12:29:36 GMT" finished-at="2020-12-18T12:29:42 GMT">
    <groups>
      <group name="cucumber">
        <method signature="AbstractTestNGCucumberTests.runScenario(io.cucumber.testng.PickleWrapper, io.cucumber.testng.FeatureWrapper)[pri:0, instance:runner.ZOHORunnerTest@6107227e]" name="runScenario" class="io.cucumber.testng.AbstractTestNGCucumberTests"/>
      </group> <!-- cucumber -->
    </groups>
    <test name="Command line test" duration-ms="6118" started-at="2020-12-18T12:29:36 GMT" finished-at="2020-12-18T12:29:42 GMT">
      <class name="runner.ZOHORunnerTest">
        <test-method status="PASS" signature="setUpClass()[pri:0, instance:runner.ZOHORunnerTest@6107227e]" name="setUpClass" is-config="true" duration-ms="406" started-at="2020-12-18T12:29:36 GMT" finished-at="2020-12-18T12:29:36 GMT">
          <reporter-output>
          </reporter-output>
        </test-method> <!-- setUpClass -->
        <test-method status="PASS" signature="runScenario(io.cucumber.testng.PickleWrapper, io.cucumber.testng.FeatureWrapper)[pri:0, instance:runner.ZOHORunnerTest@6107227e]" name="runScenario" duration-ms="3305" started-at="2020-12-18T12:29:36 GMT" description="Runs Cucumber Scenarios" data-provider="scenarios" finished-at="2020-12-18T12:29:40 GMT">
          <params>
            <param index="0">
              <value>
                <![CDATA["Create a new customer"]]>
              </value>
            </param>
            <param index="1">
              <value>
                <![CDATA["Optional[Customers]"]]>
              </value>
            </param>
          </params>
          <reporter-output>
          </reporter-output>
        </test-method> <!-- runScenario -->
        <test-method status="PASS" signature="runScenario(io.cucumber.testng.PickleWrapper, io.cucumber.testng.FeatureWrapper)[pri:0, instance:runner.ZOHORunnerTest@6107227e]" name="runScenario" duration-ms="1174" started-at="2020-12-18T12:29:40 GMT" description="Runs Cucumber Scenarios" data-provider="scenarios" finished-at="2020-12-18T12:29:41 GMT">
          <params>
            <param index="0">
              <value>
                <![CDATA["Update an existing customer"]]>
              </value>
            </param>
            <param index="1">
              <value>
                <![CDATA["Optional[Customers]"]]>
              </value>
            </param>
          </params>
          <reporter-output>
          </reporter-output>
        </test-method> <!-- runScenario -->
        <test-method status="PASS" signature="runScenario(io.cucumber.testng.PickleWrapper, io.cucumber.testng.FeatureWrapper)[pri:0, instance:runner.ZOHORunnerTest@6107227e]" name="runScenario" duration-ms="1116" started-at="2020-12-18T12:29:41 GMT" description="Runs Cucumber Scenarios" data-provider="scenarios" finished-at="2020-12-18T12:29:42 GMT">
          <params>
            <param index="0">
              <value>
                <![CDATA["Get a specific customer"]]>
              </value>
            </param>
            <param index="1">
              <value>
                <![CDATA["Optional[Customers]"]]>
              </value>
            </param>
          </params>
          <reporter-output>
          </reporter-output>
        </test-method> <!-- runScenario -->
        <test-method status="PASS" signature="tearDownClass()[pri:0, instance:runner.ZOHORunnerTest@6107227e]" name="tearDownClass" is-config="true" duration-ms="9" started-at="2020-12-18T12:29:42 GMT" finished-at="2020-12-18T12:29:42 GMT">
          <reporter-output>
          </reporter-output>
        </test-method> <!-- tearDownClass -->
      </class> <!-- runner.ZOHORunnerTest -->
    </test> <!-- Command line test -->
  </suite> <!-- runner.ZOHORunnerTest -->
</testng-results>
